Analysis & Synthesis report for Lab2
Tue Dec 15 18:07:24 2015
Quartus II Version 9.1 Build 222 10/21/2009 SJ Web Edition


---------------------
; Table of Contents ;
---------------------
  1. Legal Notice
  2. Analysis & Synthesis Summary
  3. Analysis & Synthesis Settings
  4. Parallel Compilation
  5. Analysis & Synthesis Source Files Read
  6. Analysis & Synthesis Resource Usage Summary
  7. Analysis & Synthesis Resource Utilization by Entity
  8. Analysis & Synthesis RAM Summary
  9. State Machine - |Lab2|controlUnit:CU|state
 10. Registers Removed During Synthesis
 11. General Register Statistics
 12. Registers Packed Into Inferred Megafunctions
 13. Multiplexer Restructuring Statistics (Restructuring Performed)
 14. Source assignments for dataPath:DP|memRAM:part2|altsyncram:REGISTER_rtl_0|altsyncram_ohd1:auto_generated
 15. Parameter Settings for User Entity Instance: controlUnit:CU
 16. Parameter Settings for User Entity Instance: dataPath:DP|instructionCycleOperation:part1|register:eightBitsRegister
 17. Parameter Settings for User Entity Instance: dataPath:DP|instructionCycleOperation:part1|multiplexer:JMP_mux
 18. Parameter Settings for User Entity Instance: dataPath:DP|instructionCycleOperation:part1|register:fiveBitsRegister
 19. Parameter Settings for User Entity Instance: dataPath:DP|instructionCycleOperation:part1|multiplexer:Meminst_mux
 20. Parameter Settings for User Entity Instance: dataPath:DP|instructionSetOperation:part3|multiplexer:Asel_mux1
 21. Parameter Settings for User Entity Instance: dataPath:DP|instructionSetOperation:part3|multiplexer:Asel_mux2
 22. Parameter Settings for User Entity Instance: dataPath:DP|instructionSetOperation:part3|register:ARegister
 23. Parameter Settings for Inferred Entity Instance: dataPath:DP|memRAM:part2|altsyncram:REGISTER_rtl_0
 24. altsyncram Parameter Settings by Entity Instance
 25. Port Connectivity Checks: "dataPath:DP"
 26. Port Connectivity Checks: "controlUnit:CU"
 27. Analysis & Synthesis Messages
 28. Analysis & Synthesis Suppressed Messages



----------------
; Legal Notice ;
----------------
Copyright (C) 1991-2009 Altera Corporation
Your use of Altera Corporation's design tools, logic functions 
and other software and tools, and its AMPP partner logic 
functions, and any output files from any of the foregoing 
(including device programming or simulation files), and any 
associated documentation or information are expressly subject 
to the terms and conditions of the Altera Program License 
Subscription Agreement, Altera MegaCore Function License 
Agreement, or other applicable license agreement, including, 
without limitation, that your use is for the sole purpose of 
programming logic devices manufactured by Altera and sold by 
Altera or its authorized distributors.  Please refer to the 
applicable agreement for further details.



+------------------------------------------------------------------------------+
; Analysis & Synthesis Summary                                                 ;
+------------------------------------+-----------------------------------------+
; Analysis & Synthesis Status        ; Successful - Tue Dec 15 18:07:24 2015   ;
; Quartus II Version                 ; 9.1 Build 222 10/21/2009 SJ Web Edition ;
; Revision Name                      ; Lab2                                    ;
; Top-level Entity Name              ; Lab2                                    ;
; Family                             ; Cyclone II                              ;
; Total logic elements               ; 80                                      ;
;     Total combinational functions  ; 71                                      ;
;     Dedicated logic registers      ; 32                                      ;
; Total registers                    ; 32                                      ;
; Total pins                         ; 13                                      ;
; Total virtual pins                 ; 0                                       ;
; Total memory bits                  ; 256                                     ;
; Embedded Multiplier 9-bit elements ; 0                                       ;
; Total PLLs                         ; 0                                       ;
+------------------------------------+-----------------------------------------+


+----------------------------------------------------------------------------------------------------------------------+
; Analysis & Synthesis Settings                                                                                        ;
+----------------------------------------------------------------------------+--------------------+--------------------+
; Option                                                                     ; Setting            ; Default Value      ;
+----------------------------------------------------------------------------+--------------------+--------------------+
; Device                                                                     ; EP2C20F484C7       ;                    ;
; Top-level entity name                                                      ; Lab2               ; Lab2               ;
; Family name                                                                ; Cyclone II         ; Stratix II         ;
; Use Generated Physical Constraints File                                    ; Off                ;                    ;
; Use smart compilation                                                      ; Off                ; Off                ;
; Enable parallel Assembler and TimeQuest Timing Analyzer during compilation ; On                 ; On                 ;
; Enable compact report table                                                ; Off                ; Off                ;
; Restructure Multiplexers                                                   ; Auto               ; Auto               ;
; Create Debugging Nodes for IP Cores                                        ; Off                ; Off                ;
; Preserve fewer node names                                                  ; On                 ; On                 ;
; Disable OpenCore Plus hardware evaluation                                  ; Off                ; Off                ;
; Verilog Version                                                            ; Verilog_2001       ; Verilog_2001       ;
; VHDL Version                                                               ; VHDL_1993          ; VHDL_1993          ;
; State Machine Processing                                                   ; Auto               ; Auto               ;
; Safe State Machine                                                         ; Off                ; Off                ;
; Extract Verilog State Machines                                             ; On                 ; On                 ;
; Extract VHDL State Machines                                                ; On                 ; On                 ;
; Ignore Verilog initial constructs                                          ; Off                ; Off                ;
; Iteration limit for constant Verilog loops                                 ; 5000               ; 5000               ;
; Iteration limit for non-constant Verilog loops                             ; 250                ; 250                ;
; Add Pass-Through Logic to Inferred RAMs                                    ; On                 ; On                 ;
; Parallel Synthesis                                                         ; On                 ; On                 ;
; DSP Block Balancing                                                        ; Auto               ; Auto               ;
; NOT Gate Push-Back                                                         ; On                 ; On                 ;
; Power-Up Don't Care                                                        ; On                 ; On                 ;
; Remove Redundant Logic Cells                                               ; Off                ; Off                ;
; Remove Duplicate Registers                                                 ; On                 ; On                 ;
; Ignore CARRY Buffers                                                       ; Off                ; Off                ;
; Ignore CASCADE Buffers                                                     ; Off                ; Off                ;
; Ignore GLOBAL Buffers                                                      ; Off                ; Off                ;
; Ignore ROW GLOBAL Buffers                                                  ; Off                ; Off                ;
; Ignore LCELL Buffers                                                       ; Off                ; Off                ;
; Ignore SOFT Buffers                                                        ; On                 ; On                 ;
; Limit AHDL Integers to 32 Bits                                             ; Off                ; Off                ;
; Optimization Technique                                                     ; Balanced           ; Balanced           ;
; Carry Chain Length                                                         ; 70                 ; 70                 ;
; Auto Carry Chains                                                          ; On                 ; On                 ;
; Auto Open-Drain Pins                                                       ; On                 ; On                 ;
; Perform WYSIWYG Primitive Resynthesis                                      ; Off                ; Off                ;
; Auto ROM Replacement                                                       ; On                 ; On                 ;
; Auto RAM Replacement                                                       ; On                 ; On                 ;
; Auto Shift Register Replacement                                            ; Auto               ; Auto               ;
; Auto Clock Enable Replacement                                              ; On                 ; On                 ;
; Strict RAM Replacement                                                     ; Off                ; Off                ;
; Allow Synchronous Control Signals                                          ; On                 ; On                 ;
; Force Use of Synchronous Clear Signals                                     ; Off                ; Off                ;
; Auto RAM to Logic Cell Conversion                                          ; Off                ; Off                ;
; Auto Resource Sharing                                                      ; Off                ; Off                ;
; Allow Any RAM Size For Recognition                                         ; Off                ; Off                ;
; Allow Any ROM Size For Recognition                                         ; Off                ; Off                ;
; Allow Any Shift Register Size For Recognition                              ; Off                ; Off                ;
; Use LogicLock Constraints during Resource Balancing                        ; On                 ; On                 ;
; Ignore translate_off and synthesis_off directives                          ; Off                ; Off                ;
; Timing-Driven Synthesis                                                    ; Off                ; Off                ;
; Show Parameter Settings Tables in Synthesis Report                         ; On                 ; On                 ;
; Ignore Maximum Fan-Out Assignments                                         ; Off                ; Off                ;
; Synchronization Register Chain Length                                      ; 2                  ; 2                  ;
; PowerPlay Power Optimization                                               ; Normal compilation ; Normal compilation ;
; HDL message level                                                          ; Level2             ; Level2             ;
; Suppress Register Optimization Related Messages                            ; Off                ; Off                ;
; Number of Removed Registers Reported in Synthesis Report                   ; 100                ; 100                ;
; Number of Inverted Registers Reported in Synthesis Report                  ; 100                ; 100                ;
; Clock MUX Protection                                                       ; On                 ; On                 ;
; Auto Gated Clock Conversion                                                ; Off                ; Off                ;
; Block Design Naming                                                        ; Auto               ; Auto               ;
; SDC constraint protection                                                  ; Off                ; Off                ;
; Synthesis Effort                                                           ; Auto               ; Auto               ;
; Shift Register Replacement - Allow Asynchronous Clear Signal               ; On                 ; On                 ;
; Analysis & Synthesis Message Level                                         ; Medium             ; Medium             ;
; Disable Register Merging Across Hierarchies                                ; Auto               ; Auto               ;
; Resource Aware Inference For Block RAM                                     ; On                 ; On                 ;
+----------------------------------------------------------------------------+--------------------+--------------------+


Parallel compilation was disabled, but you have multiple processors available. Enable parallel compilation to reduce compilation time.
+-------------------------------------+
; Parallel Compilation                ;
+----------------------------+--------+
; Processors                 ; Number ;
+----------------------------+--------+
; Number detected on machine ; 4      ;
; Maximum allowed            ; 1      ;
+----------------------------+--------+


+--------------------------------------------------------------------------------------------------------------------------------------------------------------+
; Analysis & Synthesis Source Files Read                                                                                                                       ;
+-----------------------------------------+-----------------+------------------------------+-------------------------------------------------------------------+
; File Name with User-Entered Path        ; Used in Netlist ; File Type                    ; File Name with Absolute Path                                      ;
+-----------------------------------------+-----------------+------------------------------+-------------------------------------------------------------------+
; ../dataPath/dataPath.v                  ; yes             ; User Verilog HDL File        ; C:/Users/Student/Desktop/yen/dataPath/dataPath.v                  ;
; ../dataPath/increment.v                 ; yes             ; User Verilog HDL File        ; C:/Users/Student/Desktop/yen/dataPath/increment.v                 ;
; ../dataPath/instructionCycleOperation.v ; yes             ; User Verilog HDL File        ; C:/Users/Student/Desktop/yen/dataPath/instructionCycleOperation.v ;
; ../dataPath/instructionSetOperation.v   ; yes             ; User Verilog HDL File        ; C:/Users/Student/Desktop/yen/dataPath/instructionSetOperation.v   ;
; ../dataPath/memRam.v                    ; yes             ; User Verilog HDL File        ; C:/Users/Student/Desktop/yen/dataPath/memRam.v                    ;
; ../dataPath/multiplexer.v               ; yes             ; User Verilog HDL File        ; C:/Users/Student/Desktop/yen/dataPath/multiplexer.v               ;
; ../dataPath/register.v                  ; yes             ; User Verilog HDL File        ; C:/Users/Student/Desktop/yen/dataPath/register.v                  ;
; ../dataPath/sub.v                       ; yes             ; User Verilog HDL File        ; C:/Users/Student/Desktop/yen/dataPath/sub.v                       ;
; controlUnit.v                           ; yes             ; User Verilog HDL File        ; C:/Users/Student/Desktop/yen/Lab2/controlUnit.v                   ;
; Lab2.v                                  ; yes             ; User Verilog HDL File        ; C:/Users/Student/Desktop/yen/Lab2/Lab2.v                          ;
; altsyncram.tdf                          ; yes             ; Megafunction                 ; c:/altera/91/quartus/libraries/megafunctions/altsyncram.tdf       ;
; db/altsyncram_ohd1.tdf                  ; yes             ; Auto-Generated Megafunction  ; C:/Users/Student/Desktop/yen/Lab2/db/altsyncram_ohd1.tdf          ;
+-----------------------------------------+-----------------+------------------------------+-------------------------------------------------------------------+


+-----------------------------------------------------+
; Analysis & Synthesis Resource Usage Summary         ;
+---------------------------------------------+-------+
; Resource                                    ; Usage ;
+---------------------------------------------+-------+
; Estimated Total logic elements              ; 80    ;
;                                             ;       ;
; Total combinational functions               ; 71    ;
; Logic element usage by number of LUT inputs ;       ;
;     -- 4 input functions                    ; 27    ;
;     -- 3 input functions                    ; 25    ;
;     -- <=2 input functions                  ; 19    ;
;                                             ;       ;
; Logic elements by mode                      ;       ;
;     -- normal mode                          ; 52    ;
;     -- arithmetic mode                      ; 19    ;
;                                             ;       ;
; Total registers                             ; 32    ;
;     -- Dedicated logic registers            ; 32    ;
;     -- I/O registers                        ; 0     ;
;                                             ;       ;
; I/O pins                                    ; 13    ;
; Total memory bits                           ; 256   ;
; Maximum fan-out node                        ; Clock ;
; Maximum fan-out                             ; 40    ;
; Total fan-out                               ; 412   ;
; Average fan-out                             ; 3.32  ;
+---------------------------------------------+-------+


+-------------------------------------------------------------------------------------------------------------------------------------------------------------------------------------------------------------------------------------------------------------------+
; Analysis & Synthesis Resource Utilization by Entity                                                                                                                                                                                                               ;
+----------------------------------------------+-------------------+--------------+-------------+--------------+---------+-----------+------+--------------+-----------------------------------------------------------------------------------------+--------------+
; Compilation Hierarchy Node                   ; LC Combinationals ; LC Registers ; Memory Bits ; DSP Elements ; DSP 9x9 ; DSP 18x18 ; Pins ; Virtual Pins ; Full Hierarchy Name                                                                     ; Library Name ;
+----------------------------------------------+-------------------+--------------+-------------+--------------+---------+-----------+------+--------------+-----------------------------------------------------------------------------------------+--------------+
; |Lab2                                        ; 71 (2)            ; 32 (0)       ; 256         ; 0            ; 0       ; 0         ; 13   ; 0            ; |Lab2                                                                                   ; work         ;
;    |controlUnit:CU|                          ; 17 (17)           ; 11 (11)      ; 0           ; 0            ; 0       ; 0         ; 0    ; 0            ; |Lab2|controlUnit:CU                                                                    ;              ;
;    |dataPath:DP|                             ; 52 (0)            ; 21 (0)       ; 256         ; 0            ; 0       ; 0         ; 0    ; 0            ; |Lab2|dataPath:DP                                                                       ;              ;
;       |instructionCycleOperation:part1|      ; 10 (0)            ; 13 (0)       ; 0           ; 0            ; 0       ; 0         ; 0    ; 0            ; |Lab2|dataPath:DP|instructionCycleOperation:part1                                       ;              ;
;          |multiplexer:Meminst_mux|           ; 5 (5)             ; 0 (0)        ; 0           ; 0            ; 0       ; 0         ; 0    ; 0            ; |Lab2|dataPath:DP|instructionCycleOperation:part1|multiplexer:Meminst_mux               ;              ;
;          |register:eightBitsRegister|        ; 0 (0)             ; 8 (8)        ; 0           ; 0            ; 0       ; 0         ; 0    ; 0            ; |Lab2|dataPath:DP|instructionCycleOperation:part1|register:eightBitsRegister            ;              ;
;          |register:fiveBitsRegister|         ; 5 (5)             ; 5 (5)        ; 0           ; 0            ; 0       ; 0         ; 0    ; 0            ; |Lab2|dataPath:DP|instructionCycleOperation:part1|register:fiveBitsRegister             ;              ;
;       |instructionSetOperation:part3|        ; 42 (0)            ; 8 (0)        ; 0           ; 0            ; 0       ; 0         ; 0    ; 0            ; |Lab2|dataPath:DP|instructionSetOperation:part3                                         ;              ;
;          |multiplexer:Asel_mux2|             ; 17 (17)           ; 0 (0)        ; 0           ; 0            ; 0       ; 0         ; 0    ; 0            ; |Lab2|dataPath:DP|instructionSetOperation:part3|multiplexer:Asel_mux2                   ;              ;
;          |register:ARegister|                ; 0 (0)             ; 8 (8)        ; 0           ; 0            ; 0       ; 0         ; 0    ; 0            ; |Lab2|dataPath:DP|instructionSetOperation:part3|register:ARegister                      ;              ;
;          |sub:add_sub|                       ; 25 (25)           ; 0 (0)        ; 0           ; 0            ; 0       ; 0         ; 0    ; 0            ; |Lab2|dataPath:DP|instructionSetOperation:part3|sub:add_sub                             ;              ;
;       |memRAM:part2|                         ; 0 (0)             ; 0 (0)        ; 256         ; 0            ; 0       ; 0         ; 0    ; 0            ; |Lab2|dataPath:DP|memRAM:part2                                                          ;              ;
;          |altsyncram:REGISTER_rtl_0|         ; 0 (0)             ; 0 (0)        ; 256         ; 0            ; 0       ; 0         ; 0    ; 0            ; |Lab2|dataPath:DP|memRAM:part2|altsyncram:REGISTER_rtl_0                                ;              ;
;             |altsyncram_ohd1:auto_generated| ; 0 (0)             ; 0 (0)        ; 256         ; 0            ; 0       ; 0         ; 0    ; 0            ; |Lab2|dataPath:DP|memRAM:part2|altsyncram:REGISTER_rtl_0|altsyncram_ohd1:auto_generated ;              ;
+----------------------------------------------+-------------------+--------------+-------------+--------------+---------+-----------+------+--------------+-----------------------------------------------------------------------------------------+--------------+
Note: For table entries with two numbers listed, the numbers in parentheses indicate the number of resources of the given type used by the specific entity alone. The numbers listed outside of parentheses indicate the total resources of the given type used by the specific entity and all of its sub-entities in the hierarchy.


+--------------------------------------------------------------------------------------------------------------------------------------------------------------------------------------------------+
; Analysis & Synthesis RAM Summary                                                                                                                                                                 ;
+----------------------------------------------------------------------------------------------+------+------------------+--------------+--------------+--------------+--------------+------+------+
; Name                                                                                         ; Type ; Mode             ; Port A Depth ; Port A Width ; Port B Depth ; Port B Width ; Size ; MIF  ;
+----------------------------------------------------------------------------------------------+------+------------------+--------------+--------------+--------------+--------------+------+------+
; dataPath:DP|memRAM:part2|altsyncram:REGISTER_rtl_0|altsyncram_ohd1:auto_generated|ALTSYNCRAM ; AUTO ; Simple Dual Port ; 32           ; 8            ; 32           ; 8            ; 256  ; None ;
+----------------------------------------------------------------------------------------------+------+------------------+--------------+--------------+--------------+--------------+------+------+


Encoding Type:  One-Hot
+---------------------------------------------------------------------------------------------------------------------------------------------------------------+
; State Machine - |Lab2|controlUnit:CU|state                                                                                                                    ;
+--------------+------------+------------+----------+-------------+-----------+-----------+-------------+------------+--------------+-------------+-------------+
; Name         ; state.halt ; state.jpos ; state.jz ; state.Input ; state.sub ; state.add ; state.store ; state.load ; state.decode ; state.fetch ; state.start ;
+--------------+------------+------------+----------+-------------+-----------+-----------+-------------+------------+--------------+-------------+-------------+
; state.start  ; 0          ; 0          ; 0        ; 0           ; 0         ; 0         ; 0           ; 0          ; 0            ; 0           ; 0           ;
; state.fetch  ; 0          ; 0          ; 0        ; 0           ; 0         ; 0         ; 0           ; 0          ; 0            ; 1           ; 1           ;
; state.decode ; 0          ; 0          ; 0        ; 0           ; 0         ; 0         ; 0           ; 0          ; 1            ; 0           ; 1           ;
; state.load   ; 0          ; 0          ; 0        ; 0           ; 0         ; 0         ; 0           ; 1          ; 0            ; 0           ; 1           ;
; state.store  ; 0          ; 0          ; 0        ; 0           ; 0         ; 0         ; 1           ; 0          ; 0            ; 0           ; 1           ;
; state.add    ; 0          ; 0          ; 0        ; 0           ; 0         ; 1         ; 0           ; 0          ; 0            ; 0           ; 1           ;
; state.sub    ; 0          ; 0          ; 0        ; 0           ; 1         ; 0         ; 0           ; 0          ; 0            ; 0           ; 1           ;
; state.Input  ; 0          ; 0          ; 0        ; 1           ; 0         ; 0         ; 0           ; 0          ; 0            ; 0           ; 1           ;
; state.jz     ; 0          ; 0          ; 1        ; 0           ; 0         ; 0         ; 0           ; 0          ; 0            ; 0           ; 1           ;
; state.jpos   ; 0          ; 1          ; 0        ; 0           ; 0         ; 0         ; 0           ; 0          ; 0            ; 0           ; 1           ;
; state.halt   ; 1          ; 0          ; 0        ; 0           ; 0         ; 0         ; 0           ; 0          ; 0            ; 0           ; 1           ;
+--------------+------------+------------+----------+-------------+-----------+-----------+-------------+------------+--------------+-------------+-------------+


+------------------------------------------------------------+
; Registers Removed During Synthesis                         ;
+---------------------------------------+--------------------+
; Register name                         ; Reason for Removal ;
+---------------------------------------+--------------------+
; controlUnit:CU|state~4                ; Lost fanout        ;
; controlUnit:CU|state~5                ; Lost fanout        ;
; controlUnit:CU|state~6                ; Lost fanout        ;
; controlUnit:CU|state~7                ; Lost fanout        ;
; Total Number of Removed Registers = 4 ;                    ;
+---------------------------------------+--------------------+


+------------------------------------------------------+
; General Register Statistics                          ;
+----------------------------------------------+-------+
; Statistic                                    ; Value ;
+----------------------------------------------+-------+
; Total registers                              ; 32    ;
; Number of registers using Synchronous Clear  ; 0     ;
; Number of registers using Synchronous Load   ; 5     ;
; Number of registers using Asynchronous Clear ; 32    ;
; Number of registers using Asynchronous Load  ; 0     ;
; Number of registers using Clock Enable       ; 21    ;
; Number of registers using Preset             ; 0     ;
+----------------------------------------------+-------+


+----------------------------------------------------------------------------+
; Registers Packed Into Inferred Megafunctions                               ;
+-------------------------------+-------------------------------------+------+
; Register Name                 ; Megafunction                        ; Type ;
+-------------------------------+-------------------------------------+------+
; dataPath:DP|memRAM:part2|Q[0] ; dataPath:DP|memRAM:part2|REGISTER~0 ; RAM  ;
; dataPath:DP|memRAM:part2|Q[1] ; dataPath:DP|memRAM:part2|REGISTER~0 ; RAM  ;
; dataPath:DP|memRAM:part2|Q[2] ; dataPath:DP|memRAM:part2|REGISTER~0 ; RAM  ;
; dataPath:DP|memRAM:part2|Q[3] ; dataPath:DP|memRAM:part2|REGISTER~0 ; RAM  ;
; dataPath:DP|memRAM:part2|Q[4] ; dataPath:DP|memRAM:part2|REGISTER~0 ; RAM  ;
; dataPath:DP|memRAM:part2|Q[5] ; dataPath:DP|memRAM:part2|REGISTER~0 ; RAM  ;
; dataPath:DP|memRAM:part2|Q[6] ; dataPath:DP|memRAM:part2|REGISTER~0 ; RAM  ;
; dataPath:DP|memRAM:part2|Q[7] ; dataPath:DP|memRAM:part2|REGISTER~0 ; RAM  ;
+-------------------------------+-------------------------------------+------+


+-----------------------------------------------------------------------------------------------------------------------------------------------------------------------------------------+
; Multiplexer Restructuring Statistics (Restructuring Performed)                                                                                                                          ;
+--------------------+-----------+---------------+----------------------+------------------------+------------+---------------------------------------------------------------------------+
; Multiplexer Inputs ; Bus Width ; Baseline Area ; Area if Restructured ; Saving if Restructured ; Registered ; Example Multiplexer Output                                                ;
+--------------------+-----------+---------------+----------------------+------------------------+------------+---------------------------------------------------------------------------+
; 5:1                ; 8 bits    ; 24 LEs        ; 16 LEs               ; 8 LEs                  ; Yes        ; |Lab2|dataPath:DP|instructionSetOperation:part3|register:ARegister|out[3] ;
+--------------------+-----------+---------------+----------------------+------------------------+------------+---------------------------------------------------------------------------+


+----------------------------------------------------------------------------------------------------------+
; Source assignments for dataPath:DP|memRAM:part2|altsyncram:REGISTER_rtl_0|altsyncram_ohd1:auto_generated ;
+---------------------------------+--------------------+------+--------------------------------------------+
; Assignment                      ; Value              ; From ; To                                         ;
+---------------------------------+--------------------+------+--------------------------------------------+
; OPTIMIZE_POWER_DURING_SYNTHESIS ; NORMAL_COMPILATION ; -    ; -                                          ;
+---------------------------------+--------------------+------+--------------------------------------------+


+-------------------------------------------------------------+
; Parameter Settings for User Entity Instance: controlUnit:CU ;
+----------------+-------+------------------------------------+
; Parameter Name ; Value ; Type                               ;
+----------------+-------+------------------------------------+
; start          ; 0     ; Signed Integer                     ;
; fetch          ; 1     ; Signed Integer                     ;
; decode         ; 2     ; Signed Integer                     ;
; load           ; 8     ; Signed Integer                     ;
; store          ; 9     ; Signed Integer                     ;
; add            ; 10    ; Signed Integer                     ;
; sub            ; 11    ; Signed Integer                     ;
; Input          ; 12    ; Signed Integer                     ;
; jz             ; 13    ; Signed Integer                     ;
; jpos           ; 14    ; Signed Integer                     ;
; halt           ; 15    ; Signed Integer                     ;
+----------------+-------+------------------------------------+
Note: In order to hide this table in the UI and the text report file, please set the "Show Parameter Settings Tables in Synthesis Report" option in "Analysis and Synthesis Settings -> More Settings" to "Off".


+---------------------------------------------------------------------------------------------------------------------+
; Parameter Settings for User Entity Instance: dataPath:DP|instructionCycleOperation:part1|register:eightBitsRegister ;
+----------------+-------+--------------------------------------------------------------------------------------------+
; Parameter Name ; Value ; Type                                                                                       ;
+----------------+-------+--------------------------------------------------------------------------------------------+
; data_size      ; 8     ; Signed Integer                                                                             ;
+----------------+-------+--------------------------------------------------------------------------------------------+
Note: In order to hide this table in the UI and the text report file, please set the "Show Parameter Settings Tables in Synthesis Report" option in "Analysis and Synthesis Settings -> More Settings" to "Off".


+--------------------------------------------------------------------------------------------------------------+
; Parameter Settings for User Entity Instance: dataPath:DP|instructionCycleOperation:part1|multiplexer:JMP_mux ;
+----------------+-------+-------------------------------------------------------------------------------------+
; Parameter Name ; Value ; Type                                                                                ;
+----------------+-------+-------------------------------------------------------------------------------------+
; data_size      ; 5     ; Signed Integer                                                                      ;
+----------------+-------+-------------------------------------------------------------------------------------+
Note: In order to hide this table in the UI and the text report file, please set the "Show Parameter Settings Tables in Synthesis Report" option in "Analysis and Synthesis Settings -> More Settings" to "Off".


+--------------------------------------------------------------------------------------------------------------------+
; Parameter Settings for User Entity Instance: dataPath:DP|instructionCycleOperation:part1|register:fiveBitsRegister ;
+----------------+-------+-------------------------------------------------------------------------------------------+
; Parameter Name ; Value ; Type                                                                                      ;
+----------------+-------+-------------------------------------------------------------------------------------------+
; data_size      ; 5     ; Signed Integer                                                                            ;
+----------------+-------+-------------------------------------------------------------------------------------------+
Note: In order to hide this table in the UI and the text report file, please set the "Show Parameter Settings Tables in Synthesis Report" option in "Analysis and Synthesis Settings -> More Settings" to "Off".


+------------------------------------------------------------------------------------------------------------------+
; Parameter Settings for User Entity Instance: dataPath:DP|instructionCycleOperation:part1|multiplexer:Meminst_mux ;
+----------------+-------+-----------------------------------------------------------------------------------------+
; Parameter Name ; Value ; Type                                                                                    ;
+----------------+-------+-----------------------------------------------------------------------------------------+
; data_size      ; 5     ; Signed Integer                                                                          ;
+----------------+-------+-----------------------------------------------------------------------------------------+
Note: In order to hide this table in the UI and the text report file, please set the "Show Parameter Settings Tables in Synthesis Report" option in "Analysis and Synthesis Settings -> More Settings" to "Off".


+--------------------------------------------------------------------------------------------------------------+
; Parameter Settings for User Entity Instance: dataPath:DP|instructionSetOperation:part3|multiplexer:Asel_mux1 ;
+----------------+-------+-------------------------------------------------------------------------------------+
; Parameter Name ; Value ; Type                                                                                ;
+----------------+-------+-------------------------------------------------------------------------------------+
; data_size      ; 8     ; Signed Integer                                                                      ;
+----------------+-------+-------------------------------------------------------------------------------------+
Note: In order to hide this table in the UI and the text report file, please set the "Show Parameter Settings Tables in Synthesis Report" option in "Analysis and Synthesis Settings -> More Settings" to "Off".


+--------------------------------------------------------------------------------------------------------------+
; Parameter Settings for User Entity Instance: dataPath:DP|instructionSetOperation:part3|multiplexer:Asel_mux2 ;
+----------------+-------+-------------------------------------------------------------------------------------+
; Parameter Name ; Value ; Type                                                                                ;
+----------------+-------+-------------------------------------------------------------------------------------+
; data_size      ; 8     ; Signed Integer                                                                      ;
+----------------+-------+-------------------------------------------------------------------------------------+
Note: In order to hide this table in the UI and the text report file, please set the "Show Parameter Settings Tables in Synthesis Report" option in "Analysis and Synthesis Settings -> More Settings" to "Off".


+-----------------------------------------------------------------------------------------------------------+
; Parameter Settings for User Entity Instance: dataPath:DP|instructionSetOperation:part3|register:ARegister ;
+----------------+-------+----------------------------------------------------------------------------------+
; Parameter Name ; Value ; Type                                                                             ;
+----------------+-------+----------------------------------------------------------------------------------+
; data_size      ; 8     ; Signed Integer                                                                   ;
+----------------+-------+----------------------------------------------------------------------------------+
Note: In order to hide this table in the UI and the text report file, please set the "Show Parameter Settings Tables in Synthesis Report" option in "Analysis and Synthesis Settings -> More Settings" to "Off".


+-----------------------------------------------------------------------------------------------------+
; Parameter Settings for Inferred Entity Instance: dataPath:DP|memRAM:part2|altsyncram:REGISTER_rtl_0 ;
+------------------------------------+----------------------+-----------------------------------------+
; Parameter Name                     ; Value                ; Type                                    ;
+------------------------------------+----------------------+-----------------------------------------+
; BYTE_SIZE_BLOCK                    ; 8                    ; Untyped                                 ;
; AUTO_CARRY_CHAINS                  ; ON                   ; AUTO_CARRY                              ;
; IGNORE_CARRY_BUFFERS               ; OFF                  ; IGNORE_CARRY                            ;
; AUTO_CASCADE_CHAINS                ; ON                   ; AUTO_CASCADE                            ;
; IGNORE_CASCADE_BUFFERS             ; OFF                  ; IGNORE_CASCADE                          ;
; WIDTH_BYTEENA                      ; 1                    ; Untyped                                 ;
; OPERATION_MODE                     ; DUAL_PORT            ; Untyped                                 ;
; WIDTH_A                            ; 8                    ; Untyped                                 ;
; WIDTHAD_A                          ; 5                    ; Untyped                                 ;
; NUMWORDS_A                         ; 32                   ; Untyped                                 ;
; OUTDATA_REG_A                      ; UNREGISTERED         ; Untyped                                 ;
; ADDRESS_ACLR_A                     ; NONE                 ; Untyped                                 ;
; OUTDATA_ACLR_A                     ; NONE                 ; Untyped                                 ;
; WRCONTROL_ACLR_A                   ; NONE                 ; Untyped                                 ;
; INDATA_ACLR_A                      ; NONE                 ; Untyped                                 ;
; BYTEENA_ACLR_A                     ; NONE                 ; Untyped                                 ;
; WIDTH_B                            ; 8                    ; Untyped                                 ;
; WIDTHAD_B                          ; 5                    ; Untyped                                 ;
; NUMWORDS_B                         ; 32                   ; Untyped                                 ;
; INDATA_REG_B                       ; CLOCK1               ; Untyped                                 ;
; WRCONTROL_WRADDRESS_REG_B          ; CLOCK1               ; Untyped                                 ;
; RDCONTROL_REG_B                    ; CLOCK1               ; Untyped                                 ;
; ADDRESS_REG_B                      ; CLOCK1               ; Untyped                                 ;
; OUTDATA_REG_B                      ; UNREGISTERED         ; Untyped                                 ;
; BYTEENA_REG_B                      ; CLOCK1               ; Untyped                                 ;
; INDATA_ACLR_B                      ; NONE                 ; Untyped                                 ;
; WRCONTROL_ACLR_B                   ; NONE                 ; Untyped                                 ;
; ADDRESS_ACLR_B                     ; NONE                 ; Untyped                                 ;
; OUTDATA_ACLR_B                     ; NONE                 ; Untyped                                 ;
; RDCONTROL_ACLR_B                   ; NONE                 ; Untyped                                 ;
; BYTEENA_ACLR_B                     ; NONE                 ; Untyped                                 ;
; WIDTH_BYTEENA_A                    ; 1                    ; Untyped                                 ;
; WIDTH_BYTEENA_B                    ; 1                    ; Untyped                                 ;
; RAM_BLOCK_TYPE                     ; AUTO                 ; Untyped                                 ;
; BYTE_SIZE                          ; 8                    ; Untyped                                 ;
; READ_DURING_WRITE_MODE_MIXED_PORTS ; DONT_CARE            ; Untyped                                 ;
; READ_DURING_WRITE_MODE_PORT_A      ; NEW_DATA_NO_NBE_READ ; Untyped                                 ;
; READ_DURING_WRITE_MODE_PORT_B      ; NEW_DATA_NO_NBE_READ ; Untyped                                 ;
; INIT_FILE                          ; UNUSED               ; Untyped                                 ;
; INIT_FILE_LAYOUT                   ; PORT_A               ; Untyped                                 ;
; MAXIMUM_DEPTH                      ; 0                    ; Untyped                                 ;
; CLOCK_ENABLE_INPUT_A               ; NORMAL               ; Untyped                                 ;
; CLOCK_ENABLE_INPUT_B               ; NORMAL               ; Untyped                                 ;
; CLOCK_ENABLE_OUTPUT_A              ; NORMAL               ; Untyped                                 ;
; CLOCK_ENABLE_OUTPUT_B              ; NORMAL               ; Untyped                                 ;
; CLOCK_ENABLE_CORE_A                ; USE_INPUT_CLKEN      ; Untyped                                 ;
; CLOCK_ENABLE_CORE_B                ; USE_INPUT_CLKEN      ; Untyped                                 ;
; ENABLE_ECC                         ; FALSE                ; Untyped                                 ;
; DEVICE_FAMILY                      ; Cyclone II           ; Untyped                                 ;
; CBXI_PARAMETER                     ; altsyncram_ohd1      ; Untyped                                 ;
+------------------------------------+----------------------+-----------------------------------------+
Note: In order to hide this table in the UI and the text report file, please set the "Show Parameter Settings Tables in Synthesis Report" option in "Analysis and Synthesis Settings -> More Settings" to "Off".


+------------------------------------------------------------------------------------------------+
; altsyncram Parameter Settings by Entity Instance                                               ;
+-------------------------------------------+----------------------------------------------------+
; Name                                      ; Value                                              ;
+-------------------------------------------+----------------------------------------------------+
; Number of entity instances                ; 1                                                  ;
; Entity Instance                           ; dataPath:DP|memRAM:part2|altsyncram:REGISTER_rtl_0 ;
;     -- OPERATION_MODE                     ; DUAL_PORT                                          ;
;     -- WIDTH_A                            ; 8                                                  ;
;     -- NUMWORDS_A                         ; 32                                                 ;
;     -- OUTDATA_REG_A                      ; UNREGISTERED                                       ;
;     -- WIDTH_B                            ; 8                                                  ;
;     -- NUMWORDS_B                         ; 32                                                 ;
;     -- ADDRESS_REG_B                      ; CLOCK1                                             ;
;     -- OUTDATA_REG_B                      ; UNREGISTERED                                       ;
;     -- RAM_BLOCK_TYPE                     ; AUTO                                               ;
;     -- READ_DURING_WRITE_MODE_MIXED_PORTS ; DONT_CARE                                          ;
+-------------------------------------------+----------------------------------------------------+


+---------------------------------------------------------------------------------------------------------------------------------------------------------+
; Port Connectivity Checks: "dataPath:DP"                                                                                                                 ;
+---------+--------+----------+---------------------------------------------------------------------------------------------------------------------------+
; Port    ; Type   ; Severity ; Details                                                                                                                   ;
+---------+--------+----------+---------------------------------------------------------------------------------------------------------------------------+
; Address ; Output ; Info     ; Connected to dangling logic. Logic that only feeds a dangling port will be removed.                                       ;
; Output  ; Output ; Warning  ; Output or bidir port (8 bits) is wider than the port expression (1 bits) it drives; bit(s) "Output[7..1]" have no fanouts ;
; RAM_Q   ; Output ; Info     ; Connected to dangling logic. Logic that only feeds a dangling port will be removed.                                       ;
+---------+--------+----------+---------------------------------------------------------------------------------------------------------------------------+


+------------------------------------------------------------------------------------------------------------------------+
; Port Connectivity Checks: "controlUnit:CU"                                                                             ;
+--------------+--------+----------+-------------------------------------------------------------------------------------+
; Port         ; Type   ; Severity ; Details                                                                             ;
+--------------+--------+----------+-------------------------------------------------------------------------------------+
; displayState ; Output ; Info     ; Connected to dangling logic. Logic that only feeds a dangling port will be removed. ;
+--------------+--------+----------+-------------------------------------------------------------------------------------+


+-------------------------------+
; Analysis & Synthesis Messages ;
+-------------------------------+
Info: *******************************************************************
Info: Running Quartus II Analysis & Synthesis
    Info: Version 9.1 Build 222 10/21/2009 SJ Web Edition
    Info: Processing started: Tue Dec 15 18:07:22 2015
Info: Command: quartus_map --read_settings_files=on --write_settings_files=off Lab2 -c Lab2
Info: Found 1 design units, including 1 entities, in source file /users/student/desktop/yen/datapath/datapath.v
    Info: Found entity 1: dataPath
Info: Found 1 design units, including 1 entities, in source file /users/student/desktop/yen/datapath/increment.v
    Info: Found entity 1: increment
Info: Found 1 design units, including 1 entities, in source file /users/student/desktop/yen/datapath/instructioncycleoperation.v
    Info: Found entity 1: instructionCycleOperation
Info: Found 1 design units, including 1 entities, in source file /users/student/desktop/yen/datapath/instructionsetoperation.v
    Info: Found entity 1: instructionSetOperation
Info: Found 1 design units, including 1 entities, in source file /users/student/desktop/yen/datapath/memram.v
    Info: Found entity 1: memRAM
Info: Found 1 design units, including 1 entities, in source file /users/student/desktop/yen/datapath/multiplexer.v
    Info: Found entity 1: multiplexer
Info: Found 1 design units, including 1 entities, in source file /users/student/desktop/yen/datapath/register.v
    Info: Found entity 1: register
Info: Found 1 design units, including 1 entities, in source file /users/student/desktop/yen/datapath/sub.v
    Info: Found entity 1: sub
Info: Found 1 design units, including 1 entities, in source file controlunit.v
    Info: Found entity 1: controlUnit
Info: Found 1 design units, including 1 entities, in source file download.v
    Info: Found entity 1: download
Info: Found 1 design units, including 1 entities, in source file lab2.v
    Info: Found entity 1: Lab2
Info: Elaborating entity "Lab2" for the top level hierarchy
Info: Elaborating entity "controlUnit" for hierarchy "controlUnit:CU"
Info: Elaborating entity "dataPath" for hierarchy "dataPath:DP"
Info: Elaborating entity "instructionCycleOperation" for hierarchy "dataPath:DP|instructionCycleOperation:part1"
Info: Elaborating entity "register" for hierarchy "dataPath:DP|instructionCycleOperation:part1|register:eightBitsRegister"
Info: Elaborating entity "multiplexer" for hierarchy "dataPath:DP|instructionCycleOperation:part1|multiplexer:JMP_mux"
Info: Elaborating entity "register" for hierarchy "dataPath:DP|instructionCycleOperation:part1|register:fiveBitsRegister"
Info: Elaborating entity "increment" for hierarchy "dataPath:DP|instructionCycleOperation:part1|increment:pc_increment"
Warning (10230): Verilog HDL assignment warning at increment.v(6): truncated value with size 32 to match size of target (5)
Info: Elaborating entity "memRAM" for hierarchy "dataPath:DP|memRAM:part2"
Info: Elaborating entity "instructionSetOperation" for hierarchy "dataPath:DP|instructionSetOperation:part3"
Info: Elaborating entity "multiplexer" for hierarchy "dataPath:DP|instructionSetOperation:part3|multiplexer:Asel_mux1"
Info: Elaborating entity "sub" for hierarchy "dataPath:DP|instructionSetOperation:part3|sub:add_sub"
Warning: Inferred dual-clock RAM node "dataPath:DP|memRAM:part2|REGISTER~0" from synchronous design logic.  The read-during-write behavior of a dual-clock RAM is undefined and may not match the behavior of the original design.
Info: Inferred 1 megafunctions from design logic
    Info: Inferred altsyncram megafunction from the following design logic: "dataPath:DP|memRAM:part2|REGISTER~0" 
        Info: Parameter OPERATION_MODE set to DUAL_PORT
        Info: Parameter WIDTH_A set to 8
        Info: Parameter WIDTHAD_A set to 5
        Info: Parameter NUMWORDS_A set to 32
        Info: Parameter WIDTH_B set to 8
        Info: Parameter WIDTHAD_B set to 5
        Info: Parameter NUMWORDS_B set to 32
        Info: Parameter ADDRESS_ACLR_A set to NONE
        Info: Parameter OUTDATA_REG_B set to UNREGISTERED
        Info: Parameter ADDRESS_ACLR_B set to NONE
        Info: Parameter OUTDATA_ACLR_B set to NONE
        Info: Parameter ADDRESS_REG_B set to CLOCK1
        Info: Parameter INDATA_ACLR_A set to NONE
        Info: Parameter WRCONTROL_ACLR_A set to NONE
Info: Elaborated megafunction instantiation "dataPath:DP|memRAM:part2|altsyncram:REGISTER_rtl_0"
Info: Instantiated megafunction "dataPath:DP|memRAM:part2|altsyncram:REGISTER_rtl_0" with the following parameter:
    Info: Parameter "OPERATION_MODE" = "DUAL_PORT"
    Info: Parameter "WIDTH_A" = "8"
    Info: Parameter "WIDTHAD_A" = "5"
    Info: Parameter "NUMWORDS_A" = "32"
    Info: Parameter "WIDTH_B" = "8"
    Info: Parameter "WIDTHAD_B" = "5"
    Info: Parameter "NUMWORDS_B" = "32"
    Info: Parameter "ADDRESS_ACLR_A" = "NONE"
    Info: Parameter "OUTDATA_REG_B" = "UNREGISTERED"
    Info: Parameter "ADDRESS_ACLR_B" = "NONE"
    Info: Parameter "OUTDATA_ACLR_B" = "NONE"
    Info: Parameter "ADDRESS_REG_B" = "CLOCK1"
    Info: Parameter "INDATA_ACLR_A" = "NONE"
    Info: Parameter "WRCONTROL_ACLR_A" = "NONE"
Info: Found 1 design units, including 1 entities, in source file db/altsyncram_ohd1.tdf
    Info: Found entity 1: altsyncram_ohd1
Warning: 1 hierarchies have connectivity warnings - see the Connectivity Checks report folder
Info: 4 registers lost all their fanouts during netlist optimizations. The first 4 are displayed below.
    Info: Register "controlUnit:CU|state~4" lost all its fanouts during netlist optimizations.
    Info: Register "controlUnit:CU|state~5" lost all its fanouts during netlist optimizations.
    Info: Register "controlUnit:CU|state~6" lost all its fanouts during netlist optimizations.
    Info: Register "controlUnit:CU|state~7" lost all its fanouts during netlist optimizations.
Info: Generated suppressed messages file C:/Users/Student/Desktop/yen/Lab2/Lab2.map.smsg
Info: Implemented 101 device resources after synthesis - the final resource count might be different
    Info: Implemented 11 input pins
    Info: Implemented 2 output pins
    Info: Implemented 80 logic cells
    Info: Implemented 8 RAM segments
Info: Quartus II Analysis & Synthesis was successful. 0 errors, 4 warnings
    Info: Peak virtual memory: 200 megabytes
    Info: Processing ended: Tue Dec 15 18:07:24 2015
    Info: Elapsed time: 00:00:02
    Info: Total CPU time (on all processors): 00:00:01


+------------------------------------------+
; Analysis & Synthesis Suppressed Messages ;
+------------------------------------------+
The suppressed messages can be found in C:/Users/Student/Desktop/yen/Lab2/Lab2.map.smsg.


